<?xml version="1.0" encoding="UTF-8"?>
<testsuite name="com.jungwook.admin.domain.posts.PostsRepositoryTest" tests="1" skipped="0" failures="0" errors="0" timestamp="2020-02-03T08:56:06" hostname="kimjungwook-MacBookPro.local" time="0.025">
  <properties/>
  <testcase name="게시글저장_불러오기" classname="com.jungwook.admin.domain.posts.PostsRepositoryTest" time="0.025"/>
  <system-out><![CDATA[2020-02-03 17:56:04.689  INFO 934 --- [    Test worker] .b.t.c.SpringBootTestContextBootstrapper : Neither @ContextConfiguration nor @ContextHierarchy found for test class [com.jungwook.admin.domain.posts.PostsRepositoryTest], using SpringBootContextLoader
2020-02-03 17:56:04.690  INFO 934 --- [    Test worker] o.s.t.c.support.AbstractContextLoader    : Could not detect default resource locations for test class [com.jungwook.admin.domain.posts.PostsRepositoryTest]: no resource found for suffixes {-context.xml, Context.groovy}.
2020-02-03 17:56:04.690  INFO 934 --- [    Test worker] t.c.s.AnnotationConfigContextLoaderUtils : Could not detect default configuration classes for test class [com.jungwook.admin.domain.posts.PostsRepositoryTest]: PostsRepositoryTest does not declare any static, non-private, non-final, nested classes annotated with @Configuration.
2020-02-03 17:56:04.696  INFO 934 --- [    Test worker] .b.t.c.SpringBootTestContextBootstrapper : Found @SpringBootConfiguration com.jungwook.admin.Application for test class com.jungwook.admin.domain.posts.PostsRepositoryTest
2020-02-03 17:56:04.698  INFO 934 --- [    Test worker] .b.t.c.SpringBootTestContextBootstrapper : Loaded default TestExecutionListener class names from location [META-INF/spring.factories]: [org.springframework.security.test.context.support.WithSecurityContextTestExecutionListener, org.springframework.security.test.context.support.ReactorContextTestExecutionListener, org.springframework.boot.test.autoconfigure.restdocs.RestDocsTestExecutionListener, org.springframework.boot.test.autoconfigure.web.client.MockRestServiceServerResetTestExecutionListener, org.springframework.boot.test.autoconfigure.web.servlet.MockMvcPrintOnlyOnFailureTestExecutionListener, org.springframework.boot.test.autoconfigure.web.servlet.WebDriverTestExecutionListener, org.springframework.boot.test.mock.mockito.MockitoTestExecutionListener, org.springframework.boot.test.mock.mockito.ResetMocksTestExecutionListener, org.springframework.test.context.web.ServletTestExecutionListener, org.springframework.test.context.support.DirtiesContextBeforeModesTestExecutionListener, org.springframework.test.context.support.DependencyInjectionTestExecutionListener, org.springframework.test.context.support.DirtiesContextTestExecutionListener, org.springframework.test.context.transaction.TransactionalTestExecutionListener, org.springframework.test.context.jdbc.SqlScriptsTestExecutionListener]
2020-02-03 17:56:04.699  INFO 934 --- [    Test worker] .b.t.c.SpringBootTestContextBootstrapper : Using TestExecutionListeners: [org.springframework.test.context.web.ServletTestExecutionListener@25bad50d, org.springframework.test.context.support.DirtiesContextBeforeModesTestExecutionListener@23e42e36, org.springframework.boot.test.mock.mockito.MockitoTestExecutionListener@67a7afc6, org.springframework.boot.test.autoconfigure.SpringBootDependencyInjectionTestExecutionListener@6a7e53de, org.springframework.test.context.support.DirtiesContextTestExecutionListener@191fe121, org.springframework.test.context.transaction.TransactionalTestExecutionListener@1b88f9aa, org.springframework.test.context.jdbc.SqlScriptsTestExecutionListener@410bac82, org.springframework.security.test.context.support.WithSecurityContextTestExecutionListener@59f3f7de, org.springframework.security.test.context.support.ReactorContextTestExecutionListener@3f831328, org.springframework.boot.test.autoconfigure.restdocs.RestDocsTestExecutionListener@631ae8db, org.springframework.boot.test.autoconfigure.web.client.MockRestServiceServerResetTestExecutionListener@7fe93786, org.springframework.boot.test.autoconfigure.web.servlet.MockMvcPrintOnlyOnFailureTestExecutionListener@39e262a2, org.springframework.boot.test.autoconfigure.web.servlet.WebDriverTestExecutionListener@1e5f3ce5, org.springframework.boot.test.mock.mockito.ResetMocksTestExecutionListener@2ab753c5]

  .   ____          _            __ _ _
 /\\ / ___'_ __ _ _(_)_ __  __ _ \ \ \ \
( ( )\___ | '_ | '_| | '_ \/ _` | \ \ \ \
 \\/  ___)| |_)| | | | | || (_| |  ) ) ) )
  '  |____| .__|_| |_|_| |_\__, | / / / /
 =========|_|==============|___/=/_/_/_/
 :: Spring Boot ::        (v2.1.7.RELEASE)

2020-02-03 17:56:04.731  INFO 934 --- [    Test worker] c.j.a.domain.posts.PostsRepositoryTest   : Starting PostsRepositoryTest on kimjungwook-MacBookPro.local with PID 934 (started by jungwook in /Users/jungwook/IdeaProjects/freelec-springboot2-webservice)
2020-02-03 17:56:04.731  INFO 934 --- [    Test worker] c.j.a.domain.posts.PostsRepositoryTest   : The following profiles are active: oauth
2020-02-03 17:56:04.888  INFO 934 --- [    Test worker] .s.d.r.c.RepositoryConfigurationDelegate : Bootstrapping Spring Data repositories in DEFAULT mode.
2020-02-03 17:56:04.899  INFO 934 --- [    Test worker] .s.d.r.c.RepositoryConfigurationDelegate : Finished Spring Data repository scanning in 11ms. Found 2 repository interfaces.
2020-02-03 17:56:04.978  INFO 934 --- [    Test worker] trationDelegate$BeanPostProcessorChecker : Bean 'org.springframework.transaction.annotation.ProxyTransactionManagementConfiguration' of type [org.springframework.transaction.annotation.ProxyTransactionManagementConfiguration$$EnhancerBySpringCGLIB$$3f18493b] is not eligible for getting processed by all BeanPostProcessors (for example: not eligible for auto-proxying)
2020-02-03 17:56:05.050  INFO 934 --- [    Test worker] com.zaxxer.hikari.HikariDataSource       : HikariPool-2 - Starting...
2020-02-03 17:56:05.051  INFO 934 --- [    Test worker] com.zaxxer.hikari.HikariDataSource       : HikariPool-2 - Start completed.
2020-02-03 17:56:05.069  INFO 934 --- [    Test worker] o.hibernate.jpa.internal.util.LogHelper  : HHH000204: Processing PersistenceUnitInfo [
	name: default
	...]
2020-02-03 17:56:05.075  INFO 934 --- [    Test worker] org.hibernate.dialect.Dialect            : HHH000400: Using dialect: org.hibernate.dialect.MySQL5InnoDBDialect
Hibernate: drop table if exists posts
Hibernate: drop table if exists user
Hibernate: create table posts (id bigint not null auto_increment, created_date datetime, modified_date datetime, author varchar(500) not null, content TEXT not null, title varchar(500) not null, primary key (id)) engine=InnoDB
Hibernate: create table user (id bigint not null auto_increment, created_date datetime, modified_date datetime, email varchar(255) not null, name varchar(255) not null, picture varchar(255), role varchar(255) not null, primary key (id)) engine=InnoDB
2020-02-03 17:56:05.128  INFO 934 --- [    Test worker] o.h.t.schema.internal.SchemaCreatorImpl  : HHH000476: Executing import script 'org.hibernate.tool.schema.internal.exec.ScriptSourceInputNonExistentImpl@76561886'
2020-02-03 17:56:05.129  INFO 934 --- [    Test worker] j.LocalContainerEntityManagerFactoryBean : Initialized JPA EntityManagerFactory for persistence unit 'default'
2020-02-03 17:56:05.305  INFO 934 --- [    Test worker] o.h.h.i.QueryTranslatorFactoryInitiator  : HHH000397: Using ASTQueryTranslatorFactory
2020-02-03 17:56:05.416  INFO 934 --- [    Test worker] o.s.s.web.DefaultSecurityFilterChain     : Creating filter chain: any request, [org.springframework.security.web.context.request.async.WebAsyncManagerIntegrationFilter@3def432b, org.springframework.security.web.context.SecurityContextPersistenceFilter@42d45400, org.springframework.security.web.header.HeaderWriterFilter@684cc393, org.springframework.security.web.authentication.logout.LogoutFilter@10005adb, org.springframework.security.oauth2.client.web.OAuth2AuthorizationRequestRedirectFilter@586e0df, org.springframework.security.oauth2.client.web.OAuth2LoginAuthenticationFilter@371851a, org.springframework.security.web.authentication.ui.DefaultLoginPageGeneratingFilter@7014648d, org.springframework.security.web.authentication.ui.DefaultLogoutPageGeneratingFilter@720b52c5, org.springframework.security.web.savedrequest.RequestCacheAwareFilter@7a03e6ae, org.springframework.security.web.servletapi.SecurityContextHolderAwareRequestFilter@745de226, org.springframework.security.web.authentication.AnonymousAuthenticationFilter@4039d443, org.springframework.security.web.session.SessionManagementFilter@37a66d65, org.springframework.security.web.access.ExceptionTranslationFilter@a064d31, org.springframework.security.web.access.intercept.FilterSecurityInterceptor@6d445dfe]
2020-02-03 17:56:05.671  INFO 934 --- [    Test worker] o.s.s.concurrent.ThreadPoolTaskExecutor  : Initializing ExecutorService 'applicationTaskExecutor'
2020-02-03 17:56:05.683  WARN 934 --- [    Test worker] aWebConfiguration$JpaWebMvcConfiguration : spring.jpa.open-in-view is enabled by default. Therefore, database queries may be performed during view rendering. Explicitly configure spring.jpa.open-in-view to disable this warning
2020-02-03 17:56:05.706  INFO 934 --- [    Test worker] o.s.b.a.w.s.WelcomePageHandlerMapping    : Adding welcome page template: index
2020-02-03 17:56:05.995  INFO 934 --- [    Test worker] s.a.ScheduledAnnotationBeanPostProcessor : No TaskScheduler/ScheduledExecutorService bean found for scheduled processing
2020-02-03 17:56:05.996  INFO 934 --- [    Test worker] c.j.a.domain.posts.PostsRepositoryTest   : Started PostsRepositoryTest in 1.291 seconds (JVM running for 7.07)
Hibernate: insert into posts (created_date, modified_date, author, content, title) values (?, ?, ?, ?, ?)
Hibernate: select posts0_.id as id1_0_, posts0_.created_date as created_2_0_, posts0_.modified_date as modified3_0_, posts0_.author as author4_0_, posts0_.content as content5_0_, posts0_.title as title6_0_ from posts posts0_
Hibernate: select posts0_.id as id1_0_, posts0_.created_date as created_2_0_, posts0_.modified_date as modified3_0_, posts0_.author as author4_0_, posts0_.content as content5_0_, posts0_.title as title6_0_ from posts posts0_
Hibernate: delete from posts where id=?
]]></system-out>
  <system-err><![CDATA[]]></system-err>
</testsuite>
