<?xml version="1.0" encoding="UTF-8"?>
<testsuite name="com.jungwook.admin.domain.posts.PostsRepositoryTest" tests="1" skipped="0" failures="0" errors="0" timestamp="2020-02-03T08:19:01" hostname="kimjungwook-MacBookPro.local" time="0.015">
  <properties/>
  <testcase name="게시글저장_불러오기" classname="com.jungwook.admin.domain.posts.PostsRepositoryTest" time="0.015"/>
  <system-out><![CDATA[2020-02-03 17:19:00.142  INFO 1175 --- [    Test worker] .b.t.c.SpringBootTestContextBootstrapper : Neither @ContextConfiguration nor @ContextHierarchy found for test class [com.jungwook.admin.domain.posts.PostsRepositoryTest], using SpringBootContextLoader
2020-02-03 17:19:00.143  INFO 1175 --- [    Test worker] o.s.t.c.support.AbstractContextLoader    : Could not detect default resource locations for test class [com.jungwook.admin.domain.posts.PostsRepositoryTest]: no resource found for suffixes {-context.xml, Context.groovy}.
2020-02-03 17:19:00.143  INFO 1175 --- [    Test worker] t.c.s.AnnotationConfigContextLoaderUtils : Could not detect default configuration classes for test class [com.jungwook.admin.domain.posts.PostsRepositoryTest]: PostsRepositoryTest does not declare any static, non-private, non-final, nested classes annotated with @Configuration.
2020-02-03 17:19:00.150  INFO 1175 --- [    Test worker] .b.t.c.SpringBootTestContextBootstrapper : Found @SpringBootConfiguration com.jungwook.admin.Application for test class com.jungwook.admin.domain.posts.PostsRepositoryTest
2020-02-03 17:19:00.151  INFO 1175 --- [    Test worker] .b.t.c.SpringBootTestContextBootstrapper : Loaded default TestExecutionListener class names from location [META-INF/spring.factories]: [org.springframework.security.test.context.support.WithSecurityContextTestExecutionListener, org.springframework.security.test.context.support.ReactorContextTestExecutionListener, org.springframework.boot.test.autoconfigure.restdocs.RestDocsTestExecutionListener, org.springframework.boot.test.autoconfigure.web.client.MockRestServiceServerResetTestExecutionListener, org.springframework.boot.test.autoconfigure.web.servlet.MockMvcPrintOnlyOnFailureTestExecutionListener, org.springframework.boot.test.autoconfigure.web.servlet.WebDriverTestExecutionListener, org.springframework.boot.test.mock.mockito.MockitoTestExecutionListener, org.springframework.boot.test.mock.mockito.ResetMocksTestExecutionListener, org.springframework.test.context.web.ServletTestExecutionListener, org.springframework.test.context.support.DirtiesContextBeforeModesTestExecutionListener, org.springframework.test.context.support.DependencyInjectionTestExecutionListener, org.springframework.test.context.support.DirtiesContextTestExecutionListener, org.springframework.test.context.transaction.TransactionalTestExecutionListener, org.springframework.test.context.jdbc.SqlScriptsTestExecutionListener]
2020-02-03 17:19:00.152  INFO 1175 --- [    Test worker] .b.t.c.SpringBootTestContextBootstrapper : Using TestExecutionListeners: [org.springframework.test.context.web.ServletTestExecutionListener@a3131b5, org.springframework.test.context.support.DirtiesContextBeforeModesTestExecutionListener@60eba3ed, org.springframework.boot.test.mock.mockito.MockitoTestExecutionListener@33511602, org.springframework.boot.test.autoconfigure.SpringBootDependencyInjectionTestExecutionListener@447dca11, org.springframework.test.context.support.DirtiesContextTestExecutionListener@47c2f7b2, org.springframework.test.context.transaction.TransactionalTestExecutionListener@7a0bd06c, org.springframework.test.context.jdbc.SqlScriptsTestExecutionListener@41512829, org.springframework.security.test.context.support.WithSecurityContextTestExecutionListener@6b564f50, org.springframework.security.test.context.support.ReactorContextTestExecutionListener@3bf95aef, org.springframework.boot.test.autoconfigure.restdocs.RestDocsTestExecutionListener@1fd5754c, org.springframework.boot.test.autoconfigure.web.client.MockRestServiceServerResetTestExecutionListener@570d06ff, org.springframework.boot.test.autoconfigure.web.servlet.MockMvcPrintOnlyOnFailureTestExecutionListener@ef8ff81, org.springframework.boot.test.autoconfigure.web.servlet.WebDriverTestExecutionListener@7fa7f293, org.springframework.boot.test.mock.mockito.ResetMocksTestExecutionListener@4b6c973e]

  .   ____          _            __ _ _
 /\\ / ___'_ __ _ _(_)_ __  __ _ \ \ \ \
( ( )\___ | '_ | '_| | '_ \/ _` | \ \ \ \
 \\/  ___)| |_)| | | | | || (_| |  ) ) ) )
  '  |____| .__|_| |_|_| |_\__, | / / / /
 =========|_|==============|___/=/_/_/_/
 :: Spring Boot ::        (v2.1.7.RELEASE)

2020-02-03 17:19:00.178  INFO 1175 --- [    Test worker] c.j.a.domain.posts.PostsRepositoryTest   : Starting PostsRepositoryTest on kimjungwook-MacBookPro.local with PID 1175 (started by jungwook in /Users/jungwook/IdeaProjects/freelec-springboot2-webservice)
2020-02-03 17:19:00.178  INFO 1175 --- [    Test worker] c.j.a.domain.posts.PostsRepositoryTest   : The following profiles are active: oauth
2020-02-03 17:19:00.351  INFO 1175 --- [    Test worker] .s.d.r.c.RepositoryConfigurationDelegate : Bootstrapping Spring Data repositories in DEFAULT mode.
2020-02-03 17:19:00.367  INFO 1175 --- [    Test worker] .s.d.r.c.RepositoryConfigurationDelegate : Finished Spring Data repository scanning in 16ms. Found 2 repository interfaces.
2020-02-03 17:19:00.457  INFO 1175 --- [    Test worker] trationDelegate$BeanPostProcessorChecker : Bean 'org.springframework.transaction.annotation.ProxyTransactionManagementConfiguration' of type [org.springframework.transaction.annotation.ProxyTransactionManagementConfiguration$$EnhancerBySpringCGLIB$$ae00669a] is not eligible for getting processed by all BeanPostProcessors (for example: not eligible for auto-proxying)
2020-02-03 17:19:00.549  INFO 1175 --- [    Test worker] com.zaxxer.hikari.HikariDataSource       : HikariPool-2 - Starting...
2020-02-03 17:19:00.550  INFO 1175 --- [    Test worker] com.zaxxer.hikari.HikariDataSource       : HikariPool-2 - Start completed.
2020-02-03 17:19:00.567  INFO 1175 --- [    Test worker] o.hibernate.jpa.internal.util.LogHelper  : HHH000204: Processing PersistenceUnitInfo [
	name: default
	...]
2020-02-03 17:19:00.571  INFO 1175 --- [    Test worker] org.hibernate.dialect.Dialect            : HHH000400: Using dialect: org.hibernate.dialect.MySQL5InnoDBDialect
Hibernate: drop table if exists posts
Hibernate: drop table if exists user
Hibernate: create table posts (id bigint not null auto_increment, created_date datetime, modified_date datetime, author varchar(500) not null, content TEXT not null, title varchar(500) not null, primary key (id)) engine=InnoDB
Hibernate: create table user (id bigint not null auto_increment, created_date datetime, modified_date datetime, email varchar(255) not null, name varchar(255) not null, picture varchar(255), role varchar(255) not null, primary key (id)) engine=InnoDB
2020-02-03 17:19:00.611  INFO 1175 --- [    Test worker] o.h.t.schema.internal.SchemaCreatorImpl  : HHH000476: Executing import script 'org.hibernate.tool.schema.internal.exec.ScriptSourceInputNonExistentImpl@45972687'
2020-02-03 17:19:00.611  INFO 1175 --- [    Test worker] j.LocalContainerEntityManagerFactoryBean : Initialized JPA EntityManagerFactory for persistence unit 'default'
2020-02-03 17:19:00.771  INFO 1175 --- [    Test worker] o.h.h.i.QueryTranslatorFactoryInitiator  : HHH000397: Using ASTQueryTranslatorFactory
2020-02-03 17:19:00.954  INFO 1175 --- [    Test worker] o.s.s.web.DefaultSecurityFilterChain     : Creating filter chain: any request, [org.springframework.security.web.context.request.async.WebAsyncManagerIntegrationFilter@27eacfcd, org.springframework.security.web.context.SecurityContextPersistenceFilter@45302c96, org.springframework.security.web.header.HeaderWriterFilter@125e67bc, org.springframework.security.web.authentication.logout.LogoutFilter@33c8d, org.springframework.security.oauth2.client.web.OAuth2AuthorizationRequestRedirectFilter@22327492, org.springframework.security.oauth2.client.web.OAuth2LoginAuthenticationFilter@c1402c9, org.springframework.security.web.authentication.ui.DefaultLoginPageGeneratingFilter@4493fc15, org.springframework.security.web.authentication.ui.DefaultLogoutPageGeneratingFilter@70698532, org.springframework.security.web.savedrequest.RequestCacheAwareFilter@2609a38c, org.springframework.security.web.servletapi.SecurityContextHolderAwareRequestFilter@470b5376, org.springframework.security.web.authentication.AnonymousAuthenticationFilter@414ef949, org.springframework.security.web.session.SessionManagementFilter@55fadc2e, org.springframework.security.web.access.ExceptionTranslationFilter@497555e1, org.springframework.security.web.access.intercept.FilterSecurityInterceptor@55005a98]
2020-02-03 17:19:01.234  INFO 1175 --- [    Test worker] o.s.s.concurrent.ThreadPoolTaskExecutor  : Initializing ExecutorService 'applicationTaskExecutor'
2020-02-03 17:19:01.248  WARN 1175 --- [    Test worker] aWebConfiguration$JpaWebMvcConfiguration : spring.jpa.open-in-view is enabled by default. Therefore, database queries may be performed during view rendering. Explicitly configure spring.jpa.open-in-view to disable this warning
2020-02-03 17:19:01.295  INFO 1175 --- [    Test worker] o.s.b.a.w.s.WelcomePageHandlerMapping    : Adding welcome page template: index
2020-02-03 17:19:01.629  INFO 1175 --- [    Test worker] s.a.ScheduledAnnotationBeanPostProcessor : No TaskScheduler/ScheduledExecutorService bean found for scheduled processing
2020-02-03 17:19:01.630  INFO 1175 --- [    Test worker] c.j.a.domain.posts.PostsRepositoryTest   : Started PostsRepositoryTest in 1.473 seconds (JVM running for 8.05)
Hibernate: insert into posts (created_date, modified_date, author, content, title) values (?, ?, ?, ?, ?)
Hibernate: select posts0_.id as id1_0_, posts0_.created_date as created_2_0_, posts0_.modified_date as modified3_0_, posts0_.author as author4_0_, posts0_.content as content5_0_, posts0_.title as title6_0_ from posts posts0_
Hibernate: select posts0_.id as id1_0_, posts0_.created_date as created_2_0_, posts0_.modified_date as modified3_0_, posts0_.author as author4_0_, posts0_.content as content5_0_, posts0_.title as title6_0_ from posts posts0_
Hibernate: delete from posts where id=?
]]></system-out>
  <system-err><![CDATA[]]></system-err>
</testsuite>
