<?xml version="1.0" encoding="UTF-8"?>
<testsuite name="com.jungwook.admin.domain.posts.PostsRepositoryTest" tests="1" skipped="0" failures="0" errors="0" timestamp="2020-02-03T08:24:38" hostname="kimjungwook-MacBookPro.local" time="0.019">
  <properties/>
  <testcase name="게시글저장_불러오기" classname="com.jungwook.admin.domain.posts.PostsRepositoryTest" time="0.019"/>
  <system-out><![CDATA[2020-02-03 17:24:37.293  INFO 1342 --- [    Test worker] .b.t.c.SpringBootTestContextBootstrapper : Neither @ContextConfiguration nor @ContextHierarchy found for test class [com.jungwook.admin.domain.posts.PostsRepositoryTest], using SpringBootContextLoader
2020-02-03 17:24:37.293  INFO 1342 --- [    Test worker] o.s.t.c.support.AbstractContextLoader    : Could not detect default resource locations for test class [com.jungwook.admin.domain.posts.PostsRepositoryTest]: no resource found for suffixes {-context.xml, Context.groovy}.
2020-02-03 17:24:37.294  INFO 1342 --- [    Test worker] t.c.s.AnnotationConfigContextLoaderUtils : Could not detect default configuration classes for test class [com.jungwook.admin.domain.posts.PostsRepositoryTest]: PostsRepositoryTest does not declare any static, non-private, non-final, nested classes annotated with @Configuration.
2020-02-03 17:24:37.300  INFO 1342 --- [    Test worker] .b.t.c.SpringBootTestContextBootstrapper : Found @SpringBootConfiguration com.jungwook.admin.Application for test class com.jungwook.admin.domain.posts.PostsRepositoryTest
2020-02-03 17:24:37.302  INFO 1342 --- [    Test worker] .b.t.c.SpringBootTestContextBootstrapper : Loaded default TestExecutionListener class names from location [META-INF/spring.factories]: [org.springframework.security.test.context.support.WithSecurityContextTestExecutionListener, org.springframework.security.test.context.support.ReactorContextTestExecutionListener, org.springframework.boot.test.autoconfigure.restdocs.RestDocsTestExecutionListener, org.springframework.boot.test.autoconfigure.web.client.MockRestServiceServerResetTestExecutionListener, org.springframework.boot.test.autoconfigure.web.servlet.MockMvcPrintOnlyOnFailureTestExecutionListener, org.springframework.boot.test.autoconfigure.web.servlet.WebDriverTestExecutionListener, org.springframework.boot.test.mock.mockito.MockitoTestExecutionListener, org.springframework.boot.test.mock.mockito.ResetMocksTestExecutionListener, org.springframework.test.context.web.ServletTestExecutionListener, org.springframework.test.context.support.DirtiesContextBeforeModesTestExecutionListener, org.springframework.test.context.support.DependencyInjectionTestExecutionListener, org.springframework.test.context.support.DirtiesContextTestExecutionListener, org.springframework.test.context.transaction.TransactionalTestExecutionListener, org.springframework.test.context.jdbc.SqlScriptsTestExecutionListener]
2020-02-03 17:24:37.303  INFO 1342 --- [    Test worker] .b.t.c.SpringBootTestContextBootstrapper : Using TestExecutionListeners: [org.springframework.test.context.web.ServletTestExecutionListener@67c3791c, org.springframework.test.context.support.DirtiesContextBeforeModesTestExecutionListener@7570ae8a, org.springframework.boot.test.mock.mockito.MockitoTestExecutionListener@a059b94, org.springframework.boot.test.autoconfigure.SpringBootDependencyInjectionTestExecutionListener@23ed0194, org.springframework.test.context.support.DirtiesContextTestExecutionListener@5f1a976c, org.springframework.test.context.transaction.TransactionalTestExecutionListener@2f6e76fb, org.springframework.test.context.jdbc.SqlScriptsTestExecutionListener@99181b9, org.springframework.security.test.context.support.WithSecurityContextTestExecutionListener@423bd0be, org.springframework.security.test.context.support.ReactorContextTestExecutionListener@49919e62, org.springframework.boot.test.autoconfigure.restdocs.RestDocsTestExecutionListener@1594f005, org.springframework.boot.test.autoconfigure.web.client.MockRestServiceServerResetTestExecutionListener@100d2747, org.springframework.boot.test.autoconfigure.web.servlet.MockMvcPrintOnlyOnFailureTestExecutionListener@cafbbd8, org.springframework.boot.test.autoconfigure.web.servlet.WebDriverTestExecutionListener@498856a1, org.springframework.boot.test.mock.mockito.ResetMocksTestExecutionListener@7b2e934d]

  .   ____          _            __ _ _
 /\\ / ___'_ __ _ _(_)_ __  __ _ \ \ \ \
( ( )\___ | '_ | '_| | '_ \/ _` | \ \ \ \
 \\/  ___)| |_)| | | | | || (_| |  ) ) ) )
  '  |____| .__|_| |_|_| |_\__, | / / / /
 =========|_|==============|___/=/_/_/_/
 :: Spring Boot ::        (v2.1.7.RELEASE)

2020-02-03 17:24:37.334  INFO 1342 --- [    Test worker] c.j.a.domain.posts.PostsRepositoryTest   : Starting PostsRepositoryTest on kimjungwook-MacBookPro.local with PID 1342 (started by jungwook in /Users/jungwook/IdeaProjects/freelec-springboot2-webservice)
2020-02-03 17:24:37.334  INFO 1342 --- [    Test worker] c.j.a.domain.posts.PostsRepositoryTest   : The following profiles are active: oauth
2020-02-03 17:24:37.509  INFO 1342 --- [    Test worker] .s.d.r.c.RepositoryConfigurationDelegate : Bootstrapping Spring Data repositories in DEFAULT mode.
2020-02-03 17:24:37.522  INFO 1342 --- [    Test worker] .s.d.r.c.RepositoryConfigurationDelegate : Finished Spring Data repository scanning in 13ms. Found 2 repository interfaces.
2020-02-03 17:24:37.611  INFO 1342 --- [    Test worker] trationDelegate$BeanPostProcessorChecker : Bean 'org.springframework.transaction.annotation.ProxyTransactionManagementConfiguration' of type [org.springframework.transaction.annotation.ProxyTransactionManagementConfiguration$$EnhancerBySpringCGLIB$$8a159789] is not eligible for getting processed by all BeanPostProcessors (for example: not eligible for auto-proxying)
2020-02-03 17:24:37.702  INFO 1342 --- [    Test worker] com.zaxxer.hikari.HikariDataSource       : HikariPool-2 - Starting...
2020-02-03 17:24:37.704  INFO 1342 --- [    Test worker] com.zaxxer.hikari.HikariDataSource       : HikariPool-2 - Start completed.
2020-02-03 17:24:37.724  INFO 1342 --- [    Test worker] o.hibernate.jpa.internal.util.LogHelper  : HHH000204: Processing PersistenceUnitInfo [
	name: default
	...]
2020-02-03 17:24:37.730  INFO 1342 --- [    Test worker] org.hibernate.dialect.Dialect            : HHH000400: Using dialect: org.hibernate.dialect.MySQL5InnoDBDialect
Hibernate: drop table if exists posts
Hibernate: drop table if exists user
Hibernate: create table posts (id bigint not null auto_increment, created_date datetime, modified_date datetime, author varchar(500) not null, content TEXT not null, title varchar(500) not null, primary key (id)) engine=InnoDB
Hibernate: create table user (id bigint not null auto_increment, created_date datetime, modified_date datetime, email varchar(255) not null, name varchar(255) not null, picture varchar(255), role varchar(255) not null, primary key (id)) engine=InnoDB
2020-02-03 17:24:37.777  INFO 1342 --- [    Test worker] o.h.t.schema.internal.SchemaCreatorImpl  : HHH000476: Executing import script 'org.hibernate.tool.schema.internal.exec.ScriptSourceInputNonExistentImpl@35fb2893'
2020-02-03 17:24:37.777  INFO 1342 --- [    Test worker] j.LocalContainerEntityManagerFactoryBean : Initialized JPA EntityManagerFactory for persistence unit 'default'
2020-02-03 17:24:37.932  INFO 1342 --- [    Test worker] o.h.h.i.QueryTranslatorFactoryInitiator  : HHH000397: Using ASTQueryTranslatorFactory
2020-02-03 17:24:38.039  INFO 1342 --- [    Test worker] o.s.s.web.DefaultSecurityFilterChain     : Creating filter chain: any request, [org.springframework.security.web.context.request.async.WebAsyncManagerIntegrationFilter@7e294c0a, org.springframework.security.web.context.SecurityContextPersistenceFilter@705ca171, org.springframework.security.web.header.HeaderWriterFilter@201e53dd, org.springframework.security.web.authentication.logout.LogoutFilter@4302e55a, org.springframework.security.oauth2.client.web.OAuth2AuthorizationRequestRedirectFilter@6dfaeacb, org.springframework.security.oauth2.client.web.OAuth2LoginAuthenticationFilter@6ea27ad0, org.springframework.security.web.authentication.ui.DefaultLoginPageGeneratingFilter@56c081da, org.springframework.security.web.authentication.ui.DefaultLogoutPageGeneratingFilter@47843619, org.springframework.security.web.savedrequest.RequestCacheAwareFilter@5f9b4bf4, org.springframework.security.web.servletapi.SecurityContextHolderAwareRequestFilter@dc97b61, org.springframework.security.web.authentication.AnonymousAuthenticationFilter@7d122090, org.springframework.security.web.session.SessionManagementFilter@205f61bb, org.springframework.security.web.access.ExceptionTranslationFilter@4f0c1c82, org.springframework.security.web.access.intercept.FilterSecurityInterceptor@735949a7]
2020-02-03 17:24:38.267  INFO 1342 --- [    Test worker] o.s.s.concurrent.ThreadPoolTaskExecutor  : Initializing ExecutorService 'applicationTaskExecutor'
2020-02-03 17:24:38.278  WARN 1342 --- [    Test worker] aWebConfiguration$JpaWebMvcConfiguration : spring.jpa.open-in-view is enabled by default. Therefore, database queries may be performed during view rendering. Explicitly configure spring.jpa.open-in-view to disable this warning
2020-02-03 17:24:38.302  INFO 1342 --- [    Test worker] o.s.b.a.w.s.WelcomePageHandlerMapping    : Adding welcome page template: index
2020-02-03 17:24:38.563  INFO 1342 --- [    Test worker] s.a.ScheduledAnnotationBeanPostProcessor : No TaskScheduler/ScheduledExecutorService bean found for scheduled processing
2020-02-03 17:24:38.564  INFO 1342 --- [    Test worker] c.j.a.domain.posts.PostsRepositoryTest   : Started PostsRepositoryTest in 1.255 seconds (JVM running for 6.742)
Hibernate: insert into posts (created_date, modified_date, author, content, title) values (?, ?, ?, ?, ?)
Hibernate: select posts0_.id as id1_0_, posts0_.created_date as created_2_0_, posts0_.modified_date as modified3_0_, posts0_.author as author4_0_, posts0_.content as content5_0_, posts0_.title as title6_0_ from posts posts0_
Hibernate: select posts0_.id as id1_0_, posts0_.created_date as created_2_0_, posts0_.modified_date as modified3_0_, posts0_.author as author4_0_, posts0_.content as content5_0_, posts0_.title as title6_0_ from posts posts0_
Hibernate: delete from posts where id=?
]]></system-out>
  <system-err><![CDATA[]]></system-err>
</testsuite>
